2026-05-11T00:18:03.998-05:00  INFO 7132 --- [scca] [SpringApplicationShutdownHook] o.s.b.w.e.tomcat.GracefulShutdown        : Commencing graceful shutdown. Waiting for active requests to complete
2026-05-11T00:18:04.006-05:00  INFO 7132 --- [scca] [tomcat-shutdown] o.s.b.w.e.tomcat.GracefulShutdown        : Graceful shutdown complete
2026-05-11T00:18:04.020-05:00  INFO 7132 --- [scca] [SpringApplicationShutdownHook] j.LocalContainerEntityManagerFactoryBean : Closing JPA EntityManagerFactory for persistence unit 'default'
2026-05-11T00:18:04.024-05:00  INFO 7132 --- [scca] [SpringApplicationShutdownHook] com.zaxxer.hikari.HikariDataSource       : HikariPool-1 - Shutdown initiated...
2026-05-11T00:18:04.024-05:00  INFO 7132 --- [scca] [SpringApplicationShutdownHook] com.zaxxer.hikari.HikariDataSource       : HikariPool-1 - Shutdown completed.
2026-05-11T00:18:14.029-05:00  INFO 20716 --- [scca] [restartedMain] com.proyecto.scca.SccaApplication        : Starting SccaApplication using Java 21.0.6 with PID 20716 (D:\SCCA Proyecto\SccaServer\target\classes started by AndresCM in D:\SCCA Proyecto\SccaServer)
2026-05-11T00:18:14.030-05:00  INFO 20716 --- [scca] [restartedMain] com.proyecto.scca.SccaApplication        : No active profile set, falling back to 1 default profile: "default"
2026-05-11T00:18:14.068-05:00  INFO 20716 --- [scca] [restartedMain] .e.DevToolsPropertyDefaultsPostProcessor : Devtools property defaults active! Set 'spring.devtools.add-properties' to 'false' to disable
2026-05-11T00:18:14.068-05:00  INFO 20716 --- [scca] [restartedMain] .e.DevToolsPropertyDefaultsPostProcessor : For additional web related logging consider setting the 'logging.level.web' property to 'DEBUG'
2026-05-11T00:18:15.134-05:00  INFO 20716 --- [scca] [restartedMain] .s.d.r.c.RepositoryConfigurationDelegate : Bootstrapping Spring Data JPA repositories in DEFAULT mode.
2026-05-11T00:18:15.214-05:00  INFO 20716 --- [scca] [restartedMain] .s.d.r.c.RepositoryConfigurationDelegate : Finished Spring Data repository scanning in 72 ms. Found 6 JPA repository interfaces.
2026-05-11T00:18:15.773-05:00  INFO 20716 --- [scca] [restartedMain] o.s.b.w.embedded.tomcat.TomcatWebServer  : Tomcat initialized with port 8080 (http)
2026-05-11T00:18:15.790-05:00  INFO 20716 --- [scca] [restartedMain] o.apache.catalina.core.StandardService   : Starting service [Tomcat]
2026-05-11T00:18:15.790-05:00  INFO 20716 --- [scca] [restartedMain] o.apache.catalina.core.StandardEngine    : Starting Servlet engine: [Apache Tomcat/10.1.54]
2026-05-11T00:18:15.844-05:00  INFO 20716 --- [scca] [restartedMain] o.a.c.c.C.[Tomcat].[localhost].[/]       : Initializing Spring embedded WebApplicationContext
2026-05-11T00:18:15.844-05:00  INFO 20716 --- [scca] [restartedMain] w.s.c.ServletWebServerApplicationContext : Root WebApplicationContext: initialization completed in 1776 ms
2026-05-11T00:18:16.013-05:00  INFO 20716 --- [scca] [restartedMain] o.hibernate.jpa.internal.util.LogHelper  : HHH000204: Processing PersistenceUnitInfo [name: default]
2026-05-11T00:18:16.082-05:00  INFO 20716 --- [scca] [restartedMain] org.hibernate.Version                    : HHH000412: Hibernate ORM core version 6.6.49.Final
2026-05-11T00:18:16.126-05:00  INFO 20716 --- [scca] [restartedMain] o.h.c.internal.RegionFactoryInitiator    : HHH000026: Second-level cache disabled
2026-05-11T00:18:16.414-05:00  INFO 20716 --- [scca] [restartedMain] o.s.o.j.p.SpringPersistenceUnitInfo      : No LoadTimeWeaver setup: ignoring JPA class transformer
2026-05-11T00:18:16.448-05:00  INFO 20716 --- [scca] [restartedMain] com.zaxxer.hikari.HikariDataSource       : HikariPool-1 - Starting...
2026-05-11T00:18:16.654-05:00  INFO 20716 --- [scca] [restartedMain] com.zaxxer.hikari.pool.HikariPool        : HikariPool-1 - Added connection org.postgresql.jdbc.PgConnection@19f1568a
2026-05-11T00:18:16.656-05:00  INFO 20716 --- [scca] [restartedMain] com.zaxxer.hikari.HikariDataSource       : HikariPool-1 - Start completed.
2026-05-11T00:18:16.694-05:00  WARN 20716 --- [scca] [restartedMain] org.hibernate.orm.deprecation            : HHH90000025: PostgreSQLDialect does not need to be specified explicitly using 'hibernate.dialect' (remove the property setting and it will be selected by default)
2026-05-11T00:18:16.705-05:00  INFO 20716 --- [scca] [restartedMain] org.hibernate.orm.connections.pooling    : HHH10001005: Database info:
	Database JDBC URL [Connecting through datasource 'HikariDataSource (HikariPool-1)']
	Database driver: undefined/unknown
	Database version: 16.10
	Autocommit mode: undefined/unknown
	Isolation level: undefined/unknown
	Minimum pool size: undefined/unknown
	Maximum pool size: undefined/unknown
2026-05-11T00:18:17.684-05:00  INFO 20716 --- [scca] [restartedMain] o.h.e.t.j.p.i.JtaPlatformInitiator       : HHH000489: No JTA platform available (set 'hibernate.transaction.jta.platform' to enable JTA platform integration)
2026-05-11T00:18:17.798-05:00  INFO 20716 --- [scca] [restartedMain] j.LocalContainerEntityManagerFactoryBean : Initialized JPA EntityManagerFactory for persistence unit 'default'
2026-05-11T00:18:18.367-05:00  WARN 20716 --- [scca] [restartedMain] JpaBaseConfiguration$JpaWebConfiguration : spring.jpa.open-in-view is enabled by default. Therefore, database queries may be performed during view rendering. Explicitly configure spring.jpa.open-in-view to disable this warning
2026-05-11T00:18:18.699-05:00  INFO 20716 --- [scca] [restartedMain] o.s.b.d.a.OptionalLiveReloadServer       : LiveReload server is running on port 35729
2026-05-11T00:18:18.733-05:00  INFO 20716 --- [scca] [restartedMain] o.s.b.w.embedded.tomcat.TomcatWebServer  : Tomcat started on port 8080 (http) with context path '/'
2026-05-11T00:18:18.743-05:00  INFO 20716 --- [scca] [restartedMain] com.proyecto.scca.SccaApplication        : Started SccaApplication in 5.244 seconds (process running for 5.875)
2026-05-11T00:18:26.824-05:00  INFO 20716 --- [scca] [SpringApplicationShutdownHook] o.s.b.w.e.tomcat.GracefulShutdown        : Commencing graceful shutdown. Waiting for active requests to complete
2026-05-11T00:18:26.837-05:00  INFO 20716 --- [scca] [tomcat-shutdown] o.s.b.w.e.tomcat.GracefulShutdown        : Graceful shutdown complete
2026-05-11T00:18:26.840-05:00  INFO 20716 --- [scca] [SpringApplicationShutdownHook] j.LocalContainerEntityManagerFactoryBean : Closing JPA EntityManagerFactory for persistence unit 'default'
2026-05-11T00:18:26.842-05:00  INFO 20716 --- [scca] [SpringApplicationShutdownHook] com.zaxxer.hikari.HikariDataSource       : HikariPool-1 - Shutdown initiated...
2026-05-11T00:18:26.845-05:00  INFO 20716 --- [scca] [SpringApplicationShutdownHook] com.zaxxer.hikari.HikariDataSource       : HikariPool-1 - Shutdown completed.
